<?xml version="1.0" encoding="UTF-8"?>
<testng-results skipped="0" failed="0" total="1" passed="1">
  <reporter-output>
  </reporter-output>
  <suite name="Default suite" duration-ms="2630" started-at="2019-05-26T05:36:55Z" finished-at="2019-05-26T05:36:58Z">
    <groups>
    </groups>
    <test name="Default test" duration-ms="2630" started-at="2019-05-26T05:36:55Z" finished-at="2019-05-26T05:36:58Z">
      <class name="com.qa.testcase.Authentication$premitive">
        <test-method status="PASS" signature="preauth()[pri:0, instance:com.qa.testcase.Authentication$premitive@6ea6d14e]" name="preauth" duration-ms="2606" started-at="2019-05-26T11:06:55Z" finished-at="2019-05-26T11:06:58Z">
          <reporter-output>
          </reporter-output>
        </test-method> <!-- preauth -->
      </class> <!-- com.qa.testcase.Authentication$premitive -->
    </test> <!-- Default test -->
  </suite> <!-- Default suite -->
</testng-results>
